<?xml version="1.0" encoding="UTF-8"?>
<!-- Generated by org.testng.reporters.JUnitXMLReporter -->
<testsuite ignored="0" hostname="LAPTOP-7D8OLH25" failures="0" tests="3" name="Test" time="5.07" errors="0" timestamp="06 Sept 2023 08:58:09 GMT">
  <testcase classname="com.demowebshop.testLayer.HomePageTest" name="verifyTitle" time="0.017"/>
  <testcase classname="com.demowebshop.testLayer.HomePageTest" name="verifyLoginText" time="0.462"/>
  <testcase classname="com.demowebshop.testLayer.HomePageTest" name="verifyRegisterLink" time="0.058"/>
</testsuite> <!-- Test -->
